c:\users\conner\documents\github\advancedgamesengineering\oneweekproject\oneweekproject\x64\debug\vc140.pdb
c:\users\conner\documents\github\advancedgamesengineering\oneweekproject\oneweekproject\x64\debug\vc140.idb
c:\users\conner\documents\github\advancedgamesengineering\oneweekproject\oneweekproject\x64\debug\bullet.obj
c:\users\conner\documents\github\advancedgamesengineering\oneweekproject\oneweekproject\x64\debug\game.obj
c:\users\conner\documents\github\advancedgamesengineering\oneweekproject\oneweekproject\x64\debug\gamemanager.obj
c:\users\conner\documents\github\advancedgamesengineering\oneweekproject\oneweekproject\x64\debug\main.obj
c:\users\conner\documents\github\advancedgamesengineering\oneweekproject\oneweekproject\x64\debug\mainmenu.obj
c:\users\conner\documents\github\advancedgamesengineering\oneweekproject\oneweekproject\x64\debug\playership.obj
c:\users\conner\documents\github\advancedgamesengineering\oneweekproject\oneweekproject\x64\debug\powerup.obj
c:\users\conner\documents\github\advancedgamesengineering\oneweekproject\oneweekproject\x64\debug\rangedenemy.obj
c:\users\conner\documents\github\advancedgamesengineering\oneweekproject\oneweekproject\x64\debug\renderableobject.obj
c:\users\conner\documents\github\advancedgamesengineering\oneweekproject\oneweekproject\x64\debug\ship.obj
c:\users\conner\documents\github\advancedgamesengineering\oneweekproject\oneweekproject\x64\debug\splashscreen.obj
c:\users\conner\documents\github\advancedgamesengineering\oneweekproject\x64\debug\oneweekproject.ilk
c:\users\conner\documents\github\advancedgamesengineering\oneweekproject\x64\debug\oneweekproject.exe
c:\users\conner\documents\github\advancedgamesengineering\oneweekproject\x64\debug\oneweekproject.pdb
c:\users\conner\documents\github\advancedgamesengineering\oneweekproject\oneweekproject\x64\debug\oneweekproject.tlog\cl.command.1.tlog
c:\users\conner\documents\github\advancedgamesengineering\oneweekproject\oneweekproject\x64\debug\oneweekproject.tlog\cl.read.1.tlog
c:\users\conner\documents\github\advancedgamesengineering\oneweekproject\oneweekproject\x64\debug\oneweekproject.tlog\cl.write.1.tlog
c:\users\conner\documents\github\advancedgamesengineering\oneweekproject\oneweekproject\x64\debug\oneweekproject.tlog\link.command.1.tlog
c:\users\conner\documents\github\advancedgamesengineering\oneweekproject\oneweekproject\x64\debug\oneweekproject.tlog\link.read.1.tlog
c:\users\conner\documents\github\advancedgamesengineering\oneweekproject\oneweekproject\x64\debug\oneweekproject.tlog\link.write.1.tlog
