  SplashScreen.cpp
  SoundFileCache.cpp
  Ship.cpp
  SFMLSoundProvider.cpp
c:\users\40167111\desktop\advancedgamesengineering\oneweekproject\oneweekproject\sfmlsoundprovider.cpp(30): warning C4101: 'snfe': unreferenced local variable
  ServiceLocator.cpp
  RenderableObject.cpp
  RangedEnemy.cpp
c:\users\40167111\desktop\advancedgamesengineering\oneweekproject\oneweekproject\rangedenemy.cpp(14): warning C4244: '=': conversion from 'int' to 'float', possible loss of data
c:\users\40167111\desktop\advancedgamesengineering\oneweekproject\oneweekproject\rangedenemy.cpp(38): warning C4244: 'initializing': conversion from 'double' to 'float', possible loss of data
c:\users\40167111\desktop\advancedgamesengineering\oneweekproject\oneweekproject\rangedenemy.cpp(50): warning C4244: '=': conversion from 'int' to 'float', possible loss of data
  PowerUp.cpp
  PlayerShip.cpp
c:\users\40167111\desktop\advancedgamesengineering\oneweekproject\oneweekproject\playership.cpp(138): warning C4244: 'argument': conversion from 'int' to 'float', possible loss of data
  PlayerBullet.cpp
  MainMenu.cpp
c:\users\40167111\desktop\advancedgamesengineering\oneweekproject\oneweekproject\mainmenu.cpp(12): warning C4244: 'argument': conversion from 'int' to 'float', possible loss of data
c:\users\40167111\desktop\advancedgamesengineering\oneweekproject\oneweekproject\mainmenu.cpp(21): warning C4244: 'argument': conversion from 'int' to 'float', possible loss of data
c:\users\40167111\desktop\advancedgamesengineering\oneweekproject\oneweekproject\mainmenu.cpp(28): warning C4244: 'argument': conversion from 'int' to 'float', possible loss of data
c:\users\40167111\desktop\advancedgamesengineering\oneweekproject\oneweekproject\mainmenu.cpp(122): warning C4267: '=': conversion from 'size_t' to 'int', possible loss of data
  Main.cpp
  GraphicsMenu.cpp
c:\users\40167111\desktop\advancedgamesengineering\oneweekproject\oneweekproject\graphicsmenu.cpp(11): warning C4244: 'argument': conversion from 'int' to 'float', possible loss of data
c:\users\40167111\desktop\advancedgamesengineering\oneweekproject\oneweekproject\graphicsmenu.cpp(17): warning C4244: 'argument': conversion from 'int' to 'float', possible loss of data
c:\users\40167111\desktop\advancedgamesengineering\oneweekproject\oneweekproject\graphicsmenu.cpp(23): warning C4244: 'argument': conversion from 'int' to 'float', possible loss of data
c:\users\40167111\desktop\advancedgamesengineering\oneweekproject\oneweekproject\graphicsmenu.cpp(29): warning C4244: 'argument': conversion from 'int' to 'float', possible loss of data
c:\users\40167111\desktop\advancedgamesengineering\oneweekproject\oneweekproject\graphicsmenu.cpp(35): warning C4244: 'argument': conversion from 'int' to 'float', possible loss of data
c:\users\40167111\desktop\advancedgamesengineering\oneweekproject\oneweekproject\graphicsmenu.cpp(85): warning C4244: 'argument': conversion from 'int' to 'float', possible loss of data
c:\users\40167111\desktop\advancedgamesengineering\oneweekproject\oneweekproject\graphicsmenu.cpp(91): warning C4244: 'argument': conversion from 'int' to 'float', possible loss of data
c:\users\40167111\desktop\advancedgamesengineering\oneweekproject\oneweekproject\graphicsmenu.cpp(97): warning C4244: 'argument': conversion from 'int' to 'float', possible loss of data
c:\users\40167111\desktop\advancedgamesengineering\oneweekproject\oneweekproject\graphicsmenu.cpp(104): warning C4244: 'argument': conversion from 'int' to 'float', possible loss of data
c:\users\40167111\desktop\advancedgamesengineering\oneweekproject\oneweekproject\graphicsmenu.cpp(157): warning C4267: '=': conversion from 'size_t' to 'int', possible loss of data
  GameManager.cpp
c:\users\40167111\desktop\advancedgamesengineering\oneweekproject\oneweekproject\gamemanager.cpp(67): warning C4244: 'argument': conversion from 'int' to 'float', possible loss of data
c:\users\40167111\desktop\advancedgamesengineering\oneweekproject\oneweekproject\gamemanager.cpp(75): warning C4244: 'argument': conversion from 'int' to 'float', possible loss of data
c:\users\40167111\desktop\advancedgamesengineering\oneweekproject\oneweekproject\gamemanager.cpp(105): warning C4267: 'return': conversion from 'size_t' to 'int', possible loss of data
  Game.cpp
c:\users\40167111\desktop\advancedgamesengineering\oneweekproject\oneweekproject\game.cpp(28): warning C4244: 'argument': conversion from 'int' to 'float', possible loss of data
c:\users\40167111\desktop\advancedgamesengineering\oneweekproject\oneweekproject\game.cpp(33): warning C4244: 'argument': conversion from 'int' to 'float', possible loss of data
c:\users\40167111\desktop\advancedgamesengineering\oneweekproject\oneweekproject\game.cpp(52): warning C4244: 'argument': conversion from 'int' to 'float', possible loss of data
c:\users\40167111\desktop\advancedgamesengineering\oneweekproject\oneweekproject\game.cpp(189): warning C4244: 'argument': conversion from '::size_t' to 'float', possible loss of data
c:\users\40167111\desktop\advancedgamesengineering\oneweekproject\oneweekproject\game.cpp(190): warning C4244: 'argument': conversion from 'double' to 'float', possible loss of data
c:\users\40167111\desktop\advancedgamesengineering\oneweekproject\oneweekproject\game.cpp(202): warning C4244: 'argument': conversion from '::size_t' to 'float', possible loss of data
c:\users\40167111\desktop\advancedgamesengineering\oneweekproject\oneweekproject\game.cpp(203): warning C4244: 'argument': conversion from 'double' to 'float', possible loss of data
c:\users\40167111\desktop\advancedgamesengineering\oneweekproject\oneweekproject\game.cpp(215): warning C4244: 'argument': conversion from '::size_t' to 'float', possible loss of data
c:\users\40167111\desktop\advancedgamesengineering\oneweekproject\oneweekproject\game.cpp(216): warning C4244: 'argument': conversion from 'double' to 'float', possible loss of data
  EnemyBullet.cpp
  Bullet.cpp
  Astroid.cpp
c:\users\40167111\desktop\advancedgamesengineering\oneweekproject\oneweekproject\astroid.cpp(20): warning C4244: 'initializing': conversion from 'double' to 'float', possible loss of data
  Generating Code...
  OneWeekProject.vcxproj -> C:\Users\40167111\Desktop\AdvancedGamesEngineering\OneWeekProject\x64\Debug\OneWeekProject.exe
  OneWeekProject.vcxproj -> C:\Users\40167111\Desktop\AdvancedGamesEngineering\OneWeekProject\x64\Debug\OneWeekProject.pdb (Partial PDB)
