c:\users\conner\desktop\advancedgamesengineering\oneweekproject\oneweekproject\x64\release\vc140.pdb
c:\users\conner\desktop\advancedgamesengineering\oneweekproject\oneweekproject\x64\release\soundfilecache.obj
c:\users\conner\desktop\advancedgamesengineering\oneweekproject\oneweekproject\x64\release\ship.obj
c:\users\conner\desktop\advancedgamesengineering\oneweekproject\oneweekproject\x64\release\sfmlsoundprovider.obj
c:\users\conner\desktop\advancedgamesengineering\oneweekproject\oneweekproject\x64\release\servicelocator.obj
c:\users\conner\desktop\advancedgamesengineering\oneweekproject\oneweekproject\x64\release\renderableobject.obj
c:\users\conner\desktop\advancedgamesengineering\oneweekproject\oneweekproject\x64\release\rangedenemy.obj
c:\users\conner\desktop\advancedgamesengineering\oneweekproject\oneweekproject\x64\release\powerup.obj
c:\users\conner\desktop\advancedgamesengineering\oneweekproject\oneweekproject\x64\release\playership.obj
c:\users\conner\desktop\advancedgamesengineering\oneweekproject\oneweekproject\x64\release\playerbullet.obj
c:\users\conner\desktop\advancedgamesengineering\oneweekproject\oneweekproject\x64\release\pausescreen.obj
c:\users\conner\desktop\advancedgamesengineering\oneweekproject\oneweekproject\x64\release\mainmenu.obj
c:\users\conner\desktop\advancedgamesengineering\oneweekproject\oneweekproject\x64\release\splashscreen.obj
c:\users\conner\desktop\advancedgamesengineering\oneweekproject\oneweekproject\x64\release\main.obj
c:\users\conner\desktop\advancedgamesengineering\oneweekproject\oneweekproject\x64\release\graphicsmenu.obj
c:\users\conner\desktop\advancedgamesengineering\oneweekproject\oneweekproject\x64\release\gameoverscreen.obj
c:\users\conner\desktop\advancedgamesengineering\oneweekproject\oneweekproject\x64\release\gamemanager.obj
c:\users\conner\desktop\advancedgamesengineering\oneweekproject\oneweekproject\x64\release\game.obj
c:\users\conner\desktop\advancedgamesengineering\oneweekproject\oneweekproject\x64\release\enemybullet.obj
c:\users\conner\desktop\advancedgamesengineering\oneweekproject\oneweekproject\x64\release\chaserenemy.obj
c:\users\conner\desktop\advancedgamesengineering\oneweekproject\oneweekproject\x64\release\bullet.obj
c:\users\conner\desktop\advancedgamesengineering\oneweekproject\oneweekproject\x64\release\astroid.obj
c:\users\conner\desktop\advancedgamesengineering\oneweekproject\oneweekproject\x64\release\buffrangedenemy.obj
c:\users\conner\desktop\advancedgamesengineering\oneweekproject\x64\release\oneweekproject.exe
c:\users\conner\desktop\advancedgamesengineering\oneweekproject\x64\release\oneweekproject.ipdb
c:\users\conner\desktop\advancedgamesengineering\oneweekproject\x64\release\oneweekproject.iobj
c:\users\conner\desktop\advancedgamesengineering\oneweekproject\x64\release\oneweekproject.pdb
c:\users\conner\desktop\advancedgamesengineering\oneweekproject\oneweekproject\x64\release\oneweekproject.tlog\cl.command.1.tlog
c:\users\conner\desktop\advancedgamesengineering\oneweekproject\oneweekproject\x64\release\oneweekproject.tlog\cl.read.1.tlog
c:\users\conner\desktop\advancedgamesengineering\oneweekproject\oneweekproject\x64\release\oneweekproject.tlog\cl.write.1.tlog
c:\users\conner\desktop\advancedgamesengineering\oneweekproject\oneweekproject\x64\release\oneweekproject.tlog\link.command.1.tlog
c:\users\conner\desktop\advancedgamesengineering\oneweekproject\oneweekproject\x64\release\oneweekproject.tlog\link.read.1.tlog
c:\users\conner\desktop\advancedgamesengineering\oneweekproject\oneweekproject\x64\release\oneweekproject.tlog\link.write.1.tlog
